<?xml version="1.0" encoding="UTF-8"?>
<!-- Generated by org.testng.reporters.JUnitReportReporter -->
<testsuite skipped="6" hostname="PC4066" name="TestCases.AcknowedgementSelection" tests="7" failures="0" timestamp="18 Jan 2021 09:29:40 GMT" time="97.771" errors="0">
  <testcase name="AllFraudDecisionCompleteScenario" time="97.771" classname="TestCases.AcknowedgementSelection"/>
  <testcase name="CashPaymentWarningMessage" classname="TestCases.AcknowedgementSelection">
    <skipped/>
  </testcase> <!-- CashPaymentWarningMessage -->
  <testcase name="ConfirmationMessageForFraud" classname="TestCases.AcknowedgementSelection">
    <skipped/>
  </testcase> <!-- ConfirmationMessageForFraud -->
  <testcase name="ConfirmDecisionPopUpAllFraud" classname="TestCases.AcknowedgementSelection">
    <skipped/>
  </testcase> <!-- ConfirmDecisionPopUpAllFraud -->
  <testcase name="VerifyAmountbeingReturn" classname="TestCases.AcknowedgementSelection">
    <skipped/>
  </testcase> <!-- VerifyAmountbeingReturn -->
  <testcase name="VerifyAcknowedgementSelection" classname="TestCases.AcknowedgementSelection">
    <skipped/>
  </testcase> <!-- VerifyAcknowedgementSelection -->
  <testcase name="VerifyCashAmountandOverdueAmount" classname="TestCases.AcknowedgementSelection">
    <skipped/>
  </testcase> <!-- VerifyCashAmountandOverdueAmount -->
</testsuite> <!-- TestCases.AcknowedgementSelection -->
