<?xml version="1.0" encoding="UTF-8"?>
<!-- Generated by org.testng.reporters.JUnitReportReporter -->
<testsuite skipped="0" hostname="PC4066" name="TestCases.AcknowedgementSelection" tests="2" failures="0" timestamp="20 Nov 2020 12:39:03 GMT" time="78.808" errors="0">
  <testcase name="VerifyAcknowedgementSelection" time="50.720" classname="TestCases.AcknowedgementSelection"/>
  <testcase name="VerifyCashAmountandOverdueAmount" time="28.088" classname="TestCases.AcknowedgementSelection"/>
</testsuite> <!-- TestCases.AcknowedgementSelection -->
